d:\users\ghost\bureau\projets-c++\spaceinvader\dirtyspaceinvaders\x64\debug\vc143.pdb
d:\users\ghost\bureau\projets-c++\spaceinvader\dirtyspaceinvaders\x64\debug\vc143.idb
d:\users\ghost\bureau\projets-c++\spaceinvader\dirtyspaceinvaders\x64\debug\vector2d.obj
d:\users\ghost\bureau\projets-c++\spaceinvader\dirtyspaceinvaders\x64\debug\rndinput.obj
d:\users\ghost\bureau\projets-c++\spaceinvader\dirtyspaceinvaders\x64\debug\playership.obj
d:\users\ghost\bureau\projets-c++\spaceinvader\dirtyspaceinvaders\x64\debug\playerlaser.obj
d:\users\ghost\bureau\projets-c++\spaceinvader\dirtyspaceinvaders\x64\debug\playerfield.obj
d:\users\ghost\bureau\projets-c++\spaceinvader\dirtyspaceinvaders\x64\debug\main.obj
d:\users\ghost\bureau\projets-c++\spaceinvader\dirtyspaceinvaders\x64\debug\gamerand.obj
d:\users\ghost\bureau\projets-c++\spaceinvader\dirtyspaceinvaders\x64\debug\gameobject.obj
d:\users\ghost\bureau\projets-c++\spaceinvader\dirtyspaceinvaders\x64\debug\consolerenderer.obj
d:\users\ghost\bureau\projets-c++\spaceinvader\dirtyspaceinvaders\x64\debug\alienlaser.obj
d:\users\ghost\bureau\projets-c++\spaceinvader\dirtyspaceinvaders\x64\debug\alien.obj
d:\users\ghost\bureau\projets-c++\spaceinvader\dirtyspaceinvaders\x64\debug\playerinput.obj
d:\users\ghost\bureau\projets-c++\spaceinvader\dirtyspaceinvaders\x64\debug\rock.obj
d:\users\ghost\bureau\projets-c++\spaceinvader\dirtyspaceinvaders\x64\debug\betteralien.obj
d:\users\ghost\bureau\projets-c++\spaceinvader\dirtyspaceinvaders\x64\debug\playfield.obj
d:\users\ghost\bureau\projets-c++\spaceinvader\dirtyspaceinvaders\x64\debug\playerinputaction.obj
d:\users\ghost\bureau\projets-c++\spaceinvader\dirtyspaceinvaders\x64\debug\inputmgr.obj
d:\users\ghost\bureau\projets-c++\spaceinvader\x64\debug\dirtyspaceinvaders.exe
d:\users\ghost\bureau\projets-c++\spaceinvader\dirtyspaceinvaders\x64\debug\dirtyspaceinvaders.ilk
d:\users\ghost\bureau\projets-c++\spaceinvader\x64\debug\dirtyspaceinvaders.pdb
d:\users\ghost\bureau\projets-c++\spaceinvader\dirtyspaceinvaders\x64\debug\irenderer.obj
d:\users\ghost\bureau\projets-c++\spaceinvader\dirtyspaceinvaders\x64\debug\sfmlrenderer.obj
d:\users\ghost\bureau\projets-c++\spaceinvader\dirtyspaceinvaders\x64\debug\playerlaser.obj.enc
d:\users\ghost\bureau\projets-c++\spaceinvader\dirtyspaceinvaders\x64\debug\dirtyspa.02e37fbd.tlog\cl.command.1.tlog
d:\users\ghost\bureau\projets-c++\spaceinvader\dirtyspaceinvaders\x64\debug\dirtyspa.02e37fbd.tlog\cl.read.1.tlog
d:\users\ghost\bureau\projets-c++\spaceinvader\dirtyspaceinvaders\x64\debug\dirtyspa.02e37fbd.tlog\cl.write.1.tlog
d:\users\ghost\bureau\projets-c++\spaceinvader\dirtyspaceinvaders\x64\debug\dirtyspa.02e37fbd.tlog\link.command.1.tlog
d:\users\ghost\bureau\projets-c++\spaceinvader\dirtyspaceinvaders\x64\debug\dirtyspa.02e37fbd.tlog\link.read.1.tlog
d:\users\ghost\bureau\projets-c++\spaceinvader\dirtyspaceinvaders\x64\debug\dirtyspa.02e37fbd.tlog\link.write.1.tlog
