C:\Program Files\Microsoft Visual Studio\2022\Enterprise\MSBuild\Microsoft\VC\v170\Microsoft.CppBuild.targets(517,5): warning MSB8028: Le répertoire intermédiaire (x64\Debug\) contient des fichiers partagés provenant d'un autre projet (DirtySpaceInvaders.vcxproj). Cela peut entraîner un comportement de nettoyage et de regénération incorrect.
  Alien.cpp
C:\Users\ghost\Desktop\SpaceInvaders\DirtySpaceInvaders\GameObjects\Aliens\SimpleAlien\AlienLaser.h(19,22): warning C4244: 'initialisation' : conversion de 'float' en 'int', perte possible de données
C:\Users\ghost\Desktop\SpaceInvaders\DirtySpaceInvaders\GameObjects\Aliens\SimpleAlien\AlienLaser.h(20,23): warning C4244: 'initialisation' : conversion de 'float' en 'int', perte possible de données
C:\Users\ghost\Desktop\SpaceInvaders\DirtySpaceInvaders\GameObjects\Player\PlayerLaser.h(16,22): warning C4244: 'initialisation' : conversion de 'float' en 'int', perte possible de données
C:\Users\ghost\Desktop\SpaceInvaders\DirtySpaceInvaders\GameObjects\Player\PlayerLaser.h(17,23): warning C4244: 'initialisation' : conversion de 'float' en 'int', perte possible de données
  AlienLaser.cpp
C:\Users\ghost\Desktop\SpaceInvaders\DirtySpaceInvaders\GameObjects\Aliens\SimpleAlien\AlienLaser.h(19,22): warning C4244: 'initialisation' : conversion de 'float' en 'int', perte possible de données
C:\Users\ghost\Desktop\SpaceInvaders\DirtySpaceInvaders\GameObjects\Aliens\SimpleAlien\AlienLaser.h(20,23): warning C4244: 'initialisation' : conversion de 'float' en 'int', perte possible de données
C:\Users\ghost\Desktop\SpaceInvaders\DirtySpaceInvaders\GameObjects\Player\PlayerLaser.h(16,22): warning C4244: 'initialisation' : conversion de 'float' en 'int', perte possible de données
C:\Users\ghost\Desktop\SpaceInvaders\DirtySpaceInvaders\GameObjects\Player\PlayerLaser.h(17,23): warning C4244: 'initialisation' : conversion de 'float' en 'int', perte possible de données
C:\Users\ghost\Desktop\SpaceInvaders\DirtySpaceInvaders\GameObjects\Aliens\SimpleAlien\AlienLaser.cpp(69,35): warning C4244: 'argument' : conversion de 'int' en 'float', perte possible de données
  BetterAlien.cpp
  ConsoleRenderer.cpp
C:\Users\ghost\Desktop\SpaceInvaders\DirtySpaceInvaders\GameObjects\Player\PlayerLaser.h(16,22): warning C4244: 'initialisation' : conversion de 'float' en 'int', perte possible de données
C:\Users\ghost\Desktop\SpaceInvaders\DirtySpaceInvaders\GameObjects\Player\PlayerLaser.h(17,23): warning C4244: 'initialisation' : conversion de 'float' en 'int', perte possible de données
  GameObject.cpp
C:\Users\ghost\Desktop\SpaceInvaders\DirtySpaceInvaders\GameObjects\Player\PlayerLaser.h(16,22): warning C4244: 'initialisation' : conversion de 'float' en 'int', perte possible de données
C:\Users\ghost\Desktop\SpaceInvaders\DirtySpaceInvaders\GameObjects\Player\PlayerLaser.h(17,23): warning C4244: 'initialisation' : conversion de 'float' en 'int', perte possible de données
  GameRand.cpp
  InputMgr.cpp
C:\Users\ghost\Desktop\SpaceInvaders\DirtySpaceInvaders\SFMLInputs\InputMgr.cpp(38,44): warning C4267: 'initialisation' : conversion de 'size_t' en 'unsigned int', perte possible de données
  IRenderer.cpp
  Main.cpp
C:\Users\ghost\Desktop\SpaceInvaders\DirtySpaceInvaders\GameObjects\Player\PlayerLaser.h(16,22): warning C4244: 'initialisation' : conversion de 'float' en 'int', perte possible de données
C:\Users\ghost\Desktop\SpaceInvaders\DirtySpaceInvaders\GameObjects\Player\PlayerLaser.h(17,23): warning C4244: 'initialisation' : conversion de 'float' en 'int', perte possible de données
  PlayerInputAction.cpp
  PlayField.cpp
C:\Users\ghost\Desktop\SpaceInvaders\DirtySpaceInvaders\GameObjects\Player\PlayerLaser.h(16,22): warning C4244: 'initialisation' : conversion de 'float' en 'int', perte possible de données
C:\Users\ghost\Desktop\SpaceInvaders\DirtySpaceInvaders\GameObjects\Player\PlayerLaser.h(17,23): warning C4244: 'initialisation' : conversion de 'float' en 'int', perte possible de données
  PlayerLaser.cpp
C:\Users\ghost\Desktop\SpaceInvaders\DirtySpaceInvaders\GameObjects\Player\PlayerLaser.h(16,22): warning C4244: 'initialisation' : conversion de 'float' en 'int', perte possible de données
C:\Users\ghost\Desktop\SpaceInvaders\DirtySpaceInvaders\GameObjects\Player\PlayerLaser.h(17,23): warning C4244: 'initialisation' : conversion de 'float' en 'int', perte possible de données
C:\Users\ghost\Desktop\SpaceInvaders\DirtySpaceInvaders\GameObjects\Player\PlayerLaser.cpp(81,41): warning C4244: 'argument' : conversion de 'int' en 'float', perte possible de données
  PlayerShip.cpp
C:\Users\ghost\Desktop\SpaceInvaders\DirtySpaceInvaders\GameObjects\Player\PlayerLaser.h(16,22): warning C4244: 'initialisation' : conversion de 'float' en 'int', perte possible de données
C:\Users\ghost\Desktop\SpaceInvaders\DirtySpaceInvaders\GameObjects\Player\PlayerLaser.h(17,23): warning C4244: 'initialisation' : conversion de 'float' en 'int', perte possible de données
C:\Users\ghost\Desktop\SpaceInvaders\DirtySpaceInvaders\GameObjects\Player\PlayerShip.cpp(38,14): warning C4244: '-=' : conversion de 'float' en 'int', perte possible de données
  RndInput.cpp
  Rock.cpp
  SFMLRenderer.cpp
C:\Users\ghost\Desktop\SpaceInvaders\DirtySpaceInvaders\GameObjects\Player\PlayerLaser.h(16,22): warning C4244: 'initialisation' : conversion de 'float' en 'int', perte possible de données
C:\Users\ghost\Desktop\SpaceInvaders\DirtySpaceInvaders\GameObjects\Player\PlayerLaser.h(17,23): warning C4244: 'initialisation' : conversion de 'float' en 'int', perte possible de données
C:\Users\ghost\Desktop\SpaceInvaders\DirtySpaceInvaders\SFMLRenderer.cpp(8,74): warning C4244: 'argument' : conversion de 'float' en 'unsigned int', perte possible de données
C:\Users\ghost\Desktop\SpaceInvaders\DirtySpaceInvaders\SFMLRenderer.cpp(8,55): warning C4244: 'argument' : conversion de 'float' en 'unsigned int', perte possible de données
C:\Users\ghost\Desktop\SpaceInvaders\DirtySpaceInvaders\SFMLRenderer.cpp(48,66): warning C4244: 'argument' : conversion de 'float' en 'T', perte possible de données
          with
          [
              T=unsigned int
          ]
C:\Users\ghost\Desktop\SpaceInvaders\DirtySpaceInvaders\SFMLRenderer.cpp(48,44): warning C4244: 'argument' : conversion de 'float' en 'T', perte possible de données
          with
          [
              T=unsigned int
          ]
  Vector2D.h
  Génération de code en cours...
sfml-graphics-s-d.lib(Texture.cpp.obj) : warning LNK4099: PDB '' n'a pu être trouvé avec 'sfml-graphics-s-d.lib(Texture.cpp.obj)' ou sur '' ; l'objet sera lié sans informations de débogage
sfml-graphics-s-d.lib(Sprite.cpp.obj) : warning LNK4099: PDB '' n'a pu être trouvé avec 'sfml-graphics-s-d.lib(Sprite.cpp.obj)' ou sur '' ; l'objet sera lié sans informations de débogage
sfml-graphics-s-d.lib(Transformable.cpp.obj) : warning LNK4099: PDB '' n'a pu être trouvé avec 'sfml-graphics-s-d.lib(Transformable.cpp.obj)' ou sur '' ; l'objet sera lié sans informations de débogage
sfml-graphics-s-d.lib(Color.cpp.obj) : warning LNK4099: PDB '' n'a pu être trouvé avec 'sfml-graphics-s-d.lib(Color.cpp.obj)' ou sur '' ; l'objet sera lié sans informations de débogage
sfml-graphics-s-d.lib(RenderTarget.cpp.obj) : warning LNK4099: PDB '' n'a pu être trouvé avec 'sfml-graphics-s-d.lib(RenderTarget.cpp.obj)' ou sur '' ; l'objet sera lié sans informations de débogage
sfml-graphics-s-d.lib(RenderWindow.cpp.obj) : warning LNK4099: PDB '' n'a pu être trouvé avec 'sfml-graphics-s-d.lib(RenderWindow.cpp.obj)' ou sur '' ; l'objet sera lié sans informations de débogage
sfml-graphics-s-d.lib(RenderStates.cpp.obj) : warning LNK4099: PDB '' n'a pu être trouvé avec 'sfml-graphics-s-d.lib(RenderStates.cpp.obj)' ou sur '' ; l'objet sera lié sans informations de débogage
sfml-graphics-s-d.lib(Image.cpp.obj) : warning LNK4099: PDB '' n'a pu être trouvé avec 'sfml-graphics-s-d.lib(Image.cpp.obj)' ou sur '' ; l'objet sera lié sans informations de débogage
sfml-graphics-s-d.lib(GLExtensions.cpp.obj) : warning LNK4099: PDB '' n'a pu être trouvé avec 'sfml-graphics-s-d.lib(GLExtensions.cpp.obj)' ou sur '' ; l'objet sera lié sans informations de débogage
sfml-graphics-s-d.lib(GLCheck.cpp.obj) : warning LNK4099: PDB '' n'a pu être trouvé avec 'sfml-graphics-s-d.lib(GLCheck.cpp.obj)' ou sur '' ; l'objet sera lié sans informations de débogage
sfml-graphics-s-d.lib(TextureSaver.cpp.obj) : warning LNK4099: PDB '' n'a pu être trouvé avec 'sfml-graphics-s-d.lib(TextureSaver.cpp.obj)' ou sur '' ; l'objet sera lié sans informations de débogage
sfml-graphics-s-d.lib(GLLoader.cpp.obj) : warning LNK4099: PDB '' n'a pu être trouvé avec 'sfml-graphics-s-d.lib(GLLoader.cpp.obj)' ou sur '' ; l'objet sera lié sans informations de débogage
sfml-graphics-s-d.lib(Transform.cpp.obj) : warning LNK4099: PDB '' n'a pu être trouvé avec 'sfml-graphics-s-d.lib(Transform.cpp.obj)' ou sur '' ; l'objet sera lié sans informations de débogage
sfml-graphics-s-d.lib(Vertex.cpp.obj) : warning LNK4099: PDB '' n'a pu être trouvé avec 'sfml-graphics-s-d.lib(Vertex.cpp.obj)' ou sur '' ; l'objet sera lié sans informations de débogage
sfml-graphics-s-d.lib(View.cpp.obj) : warning LNK4099: PDB '' n'a pu être trouvé avec 'sfml-graphics-s-d.lib(View.cpp.obj)' ou sur '' ; l'objet sera lié sans informations de débogage
sfml-graphics-s-d.lib(BlendMode.cpp.obj) : warning LNK4099: PDB '' n'a pu être trouvé avec 'sfml-graphics-s-d.lib(BlendMode.cpp.obj)' ou sur '' ; l'objet sera lié sans informations de débogage
sfml-graphics-s-d.lib(Shader.cpp.obj) : warning LNK4099: PDB '' n'a pu être trouvé avec 'sfml-graphics-s-d.lib(Shader.cpp.obj)' ou sur '' ; l'objet sera lié sans informations de débogage
sfml-graphics-s-d.lib(VertexBuffer.cpp.obj) : warning LNK4099: PDB '' n'a pu être trouvé avec 'sfml-graphics-s-d.lib(VertexBuffer.cpp.obj)' ou sur '' ; l'objet sera lié sans informations de débogage
sfml-graphics-s-d.lib(RenderTextureImplFBO.cpp.obj) : warning LNK4099: PDB '' n'a pu être trouvé avec 'sfml-graphics-s-d.lib(RenderTextureImplFBO.cpp.obj)' ou sur '' ; l'objet sera lié sans informations de débogage
sfml-graphics-s-d.lib(ImageLoader.cpp.obj) : warning LNK4099: PDB '' n'a pu être trouvé avec 'sfml-graphics-s-d.lib(ImageLoader.cpp.obj)' ou sur '' ; l'objet sera lié sans informations de débogage
sfml-graphics-s-d.lib(Glsl.cpp.obj) : warning LNK4099: PDB '' n'a pu être trouvé avec 'sfml-graphics-s-d.lib(Glsl.cpp.obj)' ou sur '' ; l'objet sera lié sans informations de débogage
sfml-graphics-s-d.lib(RenderTextureImpl.cpp.obj) : warning LNK4099: PDB '' n'a pu être trouvé avec 'sfml-graphics-s-d.lib(RenderTextureImpl.cpp.obj)' ou sur '' ; l'objet sera lié sans informations de débogage
sfml-window-s-d.lib(Keyboard.cpp.obj) : warning LNK4099: PDB '' n'a pu être trouvé avec 'sfml-window-s-d.lib(Keyboard.cpp.obj)' ou sur '' ; l'objet sera lié sans informations de débogage
sfml-window-s-d.lib(VideoMode.cpp.obj) : warning LNK4099: PDB '' n'a pu être trouvé avec 'sfml-window-s-d.lib(VideoMode.cpp.obj)' ou sur '' ; l'objet sera lié sans informations de débogage
sfml-window-s-d.lib(Window.cpp.obj) : warning LNK4099: PDB '' n'a pu être trouvé avec 'sfml-window-s-d.lib(Window.cpp.obj)' ou sur '' ; l'objet sera lié sans informations de débogage
sfml-window-s-d.lib(GlResource.cpp.obj) : warning LNK4099: PDB '' n'a pu être trouvé avec 'sfml-window-s-d.lib(GlResource.cpp.obj)' ou sur '' ; l'objet sera lié sans informations de débogage
sfml-window-s-d.lib(Context.cpp.obj) : warning LNK4099: PDB '' n'a pu être trouvé avec 'sfml-window-s-d.lib(Context.cpp.obj)' ou sur '' ; l'objet sera lié sans informations de débogage
sfml-window-s-d.lib(InputImpl.cpp.obj) : warning LNK4099: PDB '' n'a pu être trouvé avec 'sfml-window-s-d.lib(InputImpl.cpp.obj)' ou sur '' ; l'objet sera lié sans informations de débogage
sfml-window-s-d.lib(VideoModeImpl.cpp.obj) : warning LNK4099: PDB '' n'a pu être trouvé avec 'sfml-window-s-d.lib(VideoModeImpl.cpp.obj)' ou sur '' ; l'objet sera lié sans informations de débogage
sfml-window-s-d.lib(Cursor.cpp.obj) : warning LNK4099: PDB '' n'a pu être trouvé avec 'sfml-window-s-d.lib(Cursor.cpp.obj)' ou sur '' ; l'objet sera lié sans informations de débogage
sfml-window-s-d.lib(GlContext.cpp.obj) : warning LNK4099: PDB '' n'a pu être trouvé avec 'sfml-window-s-d.lib(GlContext.cpp.obj)' ou sur '' ; l'objet sera lié sans informations de débogage
sfml-window-s-d.lib(WindowImpl.cpp.obj) : warning LNK4099: PDB '' n'a pu être trouvé avec 'sfml-window-s-d.lib(WindowImpl.cpp.obj)' ou sur '' ; l'objet sera lié sans informations de débogage
sfml-window-s-d.lib(CursorImpl.cpp.obj) : warning LNK4099: PDB '' n'a pu être trouvé avec 'sfml-window-s-d.lib(CursorImpl.cpp.obj)' ou sur '' ; l'objet sera lié sans informations de débogage
sfml-window-s-d.lib(WglContext.cpp.obj) : warning LNK4099: PDB '' n'a pu être trouvé avec 'sfml-window-s-d.lib(WglContext.cpp.obj)' ou sur '' ; l'objet sera lié sans informations de débogage
sfml-window-s-d.lib(JoystickManager.cpp.obj) : warning LNK4099: PDB '' n'a pu être trouvé avec 'sfml-window-s-d.lib(JoystickManager.cpp.obj)' ou sur '' ; l'objet sera lié sans informations de débogage
sfml-window-s-d.lib(SensorManager.cpp.obj) : warning LNK4099: PDB '' n'a pu être trouvé avec 'sfml-window-s-d.lib(SensorManager.cpp.obj)' ou sur '' ; l'objet sera lié sans informations de débogage
sfml-window-s-d.lib(WindowImplWin32.cpp.obj) : warning LNK4099: PDB '' n'a pu être trouvé avec 'sfml-window-s-d.lib(WindowImplWin32.cpp.obj)' ou sur '' ; l'objet sera lié sans informations de débogage
sfml-window-s-d.lib(WglExtensions.cpp.obj) : warning LNK4099: PDB '' n'a pu être trouvé avec 'sfml-window-s-d.lib(WglExtensions.cpp.obj)' ou sur '' ; l'objet sera lié sans informations de débogage
sfml-window-s-d.lib(Joystick.cpp.obj) : warning LNK4099: PDB '' n'a pu être trouvé avec 'sfml-window-s-d.lib(Joystick.cpp.obj)' ou sur '' ; l'objet sera lié sans informations de débogage
sfml-window-s-d.lib(JoystickImpl.cpp.obj) : warning LNK4099: PDB '' n'a pu être trouvé avec 'sfml-window-s-d.lib(JoystickImpl.cpp.obj)' ou sur '' ; l'objet sera lié sans informations de débogage
sfml-window-s-d.lib(SensorImpl.cpp.obj) : warning LNK4099: PDB '' n'a pu être trouvé avec 'sfml-window-s-d.lib(SensorImpl.cpp.obj)' ou sur '' ; l'objet sera lié sans informations de débogage
sfml-system-s-d.lib(String.cpp.obj) : warning LNK4099: PDB '' n'a pu être trouvé avec 'sfml-system-s-d.lib(String.cpp.obj)' ou sur '' ; l'objet sera lié sans informations de débogage
sfml-system-s-d.lib(Mutex.cpp.obj) : warning LNK4099: PDB '' n'a pu être trouvé avec 'sfml-system-s-d.lib(Mutex.cpp.obj)' ou sur '' ; l'objet sera lié sans informations de débogage
sfml-system-s-d.lib(Lock.cpp.obj) : warning LNK4099: PDB '' n'a pu être trouvé avec 'sfml-system-s-d.lib(Lock.cpp.obj)' ou sur '' ; l'objet sera lié sans informations de débogage
sfml-system-s-d.lib(Err.cpp.obj) : warning LNK4099: PDB '' n'a pu être trouvé avec 'sfml-system-s-d.lib(Err.cpp.obj)' ou sur '' ; l'objet sera lié sans informations de débogage
sfml-system-s-d.lib(Time.cpp.obj) : warning LNK4099: PDB '' n'a pu être trouvé avec 'sfml-system-s-d.lib(Time.cpp.obj)' ou sur '' ; l'objet sera lié sans informations de débogage
sfml-system-s-d.lib(Clock.cpp.obj) : warning LNK4099: PDB '' n'a pu être trouvé avec 'sfml-system-s-d.lib(Clock.cpp.obj)' ou sur '' ; l'objet sera lié sans informations de débogage
sfml-system-s-d.lib(Sleep.cpp.obj) : warning LNK4099: PDB '' n'a pu être trouvé avec 'sfml-system-s-d.lib(Sleep.cpp.obj)' ou sur '' ; l'objet sera lié sans informations de débogage
sfml-system-s-d.lib(ThreadLocal.cpp.obj) : warning LNK4099: PDB '' n'a pu être trouvé avec 'sfml-system-s-d.lib(ThreadLocal.cpp.obj)' ou sur '' ; l'objet sera lié sans informations de débogage
sfml-system-s-d.lib(MutexImpl.cpp.obj) : warning LNK4099: PDB '' n'a pu être trouvé avec 'sfml-system-s-d.lib(MutexImpl.cpp.obj)' ou sur '' ; l'objet sera lié sans informations de débogage
sfml-system-s-d.lib(ClockImpl.cpp.obj) : warning LNK4099: PDB '' n'a pu être trouvé avec 'sfml-system-s-d.lib(ClockImpl.cpp.obj)' ou sur '' ; l'objet sera lié sans informations de débogage
sfml-system-s-d.lib(SleepImpl.cpp.obj) : warning LNK4099: PDB '' n'a pu être trouvé avec 'sfml-system-s-d.lib(SleepImpl.cpp.obj)' ou sur '' ; l'objet sera lié sans informations de débogage
sfml-system-s-d.lib(ThreadLocalImpl.cpp.obj) : warning LNK4099: PDB '' n'a pu être trouvé avec 'sfml-system-s-d.lib(ThreadLocalImpl.cpp.obj)' ou sur '' ; l'objet sera lié sans informations de débogage
  DirtySpaceInvaders.vcxproj -> C:\Users\ghost\Desktop\SpaceInvaders\x64\Debug\SpaceInvaders.exe
